Started GET "/" for ::1 at 2019-05-08 08:58:43 -0400
Processing by KeyboardDemosController#demo1 as HTML
  Rendering keyboard_demos/demo1.html.erb within layouts/application
  Rendered keyboard_demos/demo1.html.erb within layouts/application (1.2ms)
Completed 200 OK in 1090ms (Views: 1079.8ms | ActiveRecord: 0.0ms)


Started GET "/" for ::1 at 2019-05-08 09:00:34 -0400
Processing by KeyboardDemosController#demo1 as HTML
  Rendering keyboard_demos/demo1.html.erb within layouts/application
  Rendered keyboard_demos/demo1.html.erb within layouts/application (1.2ms)
Completed 200 OK in 274ms (Views: 270.9ms | ActiveRecord: 0.0ms)


Started GET "/" for ::1 at 2019-05-08 09:05:24 -0400
Processing by KeyboardDemosController#demo1 as HTML
  Rendering keyboard_demos/demo1.html.erb within layouts/application
  Rendered keyboard_demos/demo1.html.erb within layouts/application (0.6ms)
Completed 200 OK in 175ms (Views: 171.5ms | ActiveRecord: 0.0ms)


Started GET "/" for ::1 at 2019-05-08 09:06:49 -0400
Processing by KeyboardDemosController#demo1 as HTML
  Rendering keyboard_demos/demo1.html.erb within layouts/application
  Rendered keyboard_demos/demo1.html.erb within layouts/application (1.0ms)
Completed 200 OK in 86ms (Views: 71.8ms | ActiveRecord: 0.0ms)


Started GET "/" for ::1 at 2019-05-08 09:07:59 -0400
Processing by KeyboardDemosController#demo1 as HTML
  Rendering keyboard_demos/demo1.html.erb within layouts/application
  Rendered keyboard_demos/demo1.html.erb within layouts/application (0.7ms)
Completed 200 OK in 160ms (Views: 158.1ms | ActiveRecord: 0.0ms)


Started GET "/" for ::1 at 2019-05-08 09:12:43 -0400
Processing by KeyboardDemosController#demo1 as HTML
  Rendering keyboard_demos/demo1.html.erb within layouts/application
  Rendered keyboard_demos/demo1.html.erb within layouts/application (1.3ms)
Completed 200 OK in 185ms (Views: 182.0ms | ActiveRecord: 0.0ms)


Started GET "/" for ::1 at 2019-05-08 09:14:11 -0400
Processing by KeyboardDemosController#demo1 as HTML
  Rendering keyboard_demos/demo1.html.erb within layouts/application
  Rendered keyboard_demos/demo1.html.erb within layouts/application (1.2ms)
Completed 200 OK in 220ms (Views: 216.3ms | ActiveRecord: 0.0ms)


Started GET "/" for ::1 at 2019-05-08 09:14:57 -0400
Processing by KeyboardDemosController#demo1 as HTML
  Rendering keyboard_demos/demo1.html.erb within layouts/application
  Rendered keyboard_demos/demo1.html.erb within layouts/application (1.4ms)
Completed 200 OK in 219ms (Views: 215.0ms | ActiveRecord: 0.0ms)


Started GET "/" for ::1 at 2019-05-08 09:15:33 -0400
Processing by KeyboardDemosController#demo1 as HTML
  Rendering keyboard_demos/demo1.html.erb within layouts/application
  Rendered keyboard_demos/demo1.html.erb within layouts/application (0.8ms)
Completed 200 OK in 186ms (Views: 184.3ms | ActiveRecord: 0.0ms)


Started GET "/" for ::1 at 2019-05-08 09:15:48 -0400
Processing by KeyboardDemosController#demo1 as HTML
  Rendering keyboard_demos/demo1.html.erb within layouts/application
  Rendered keyboard_demos/demo1.html.erb within layouts/application (0.6ms)
Completed 200 OK in 169ms (Views: 165.7ms | ActiveRecord: 0.0ms)


Started GET "/" for ::1 at 2019-05-08 09:16:15 -0400
Processing by KeyboardDemosController#demo1 as HTML
  Rendering keyboard_demos/demo1.html.erb within layouts/application
  Rendered keyboard_demos/demo1.html.erb within layouts/application (0.7ms)
Completed 200 OK in 170ms (Views: 166.7ms | ActiveRecord: 0.0ms)


Started GET "/" for ::1 at 2019-05-08 09:17:52 -0400
Processing by KeyboardDemosController#demo1 as HTML
  Rendering keyboard_demos/demo1.html.erb within layouts/application
  Rendered keyboard_demos/demo1.html.erb within layouts/application (1.1ms)
Completed 200 OK in 92ms (Views: 87.1ms | ActiveRecord: 0.0ms)


Started GET "/" for ::1 at 2019-05-08 09:18:53 -0400
Processing by KeyboardDemosController#demo1 as HTML
  Rendering keyboard_demos/demo1.html.erb within layouts/application
  Rendered keyboard_demos/demo1.html.erb within layouts/application (0.5ms)
Completed 200 OK in 56ms (Views: 52.9ms | ActiveRecord: 0.0ms)


Started GET "/" for ::1 at 2019-05-08 09:23:14 -0400
Processing by KeyboardDemosController#demo1 as HTML
  Rendering keyboard_demos/demo1.html.erb within layouts/application
  Rendered keyboard_demos/demo1.html.erb within layouts/application (0.8ms)
Completed 200 OK in 179ms (Views: 175.2ms | ActiveRecord: 0.0ms)


Started GET "/" for ::1 at 2019-05-08 09:23:26 -0400
Processing by KeyboardDemosController#demo1 as HTML
  Rendering keyboard_demos/demo1.html.erb within layouts/application
  Rendered keyboard_demos/demo1.html.erb within layouts/application (0.6ms)
Completed 200 OK in 164ms (Views: 162.2ms | ActiveRecord: 0.0ms)


Started GET "/" for ::1 at 2019-05-08 09:24:31 -0400
Processing by KeyboardDemosController#demo1 as HTML
  Rendering keyboard_demos/demo1.html.erb within layouts/application
  Rendered keyboard_demos/demo1.html.erb within layouts/application (0.7ms)
Completed 200 OK in 200ms (Views: 195.9ms | ActiveRecord: 0.0ms)


Started GET "/" for ::1 at 2019-05-08 09:24:44 -0400
Processing by KeyboardDemosController#demo1 as HTML
  Rendering keyboard_demos/demo1.html.erb within layouts/application
  Rendered keyboard_demos/demo1.html.erb within layouts/application (0.7ms)
Completed 200 OK in 48ms (Views: 46.1ms | ActiveRecord: 0.0ms)


Started GET "/" for ::1 at 2019-05-08 09:26:28 -0400
Processing by KeyboardDemosController#demo1 as HTML
  Rendering keyboard_demos/demo1.html.erb within layouts/application
  Rendered keyboard_demos/demo1.html.erb within layouts/application (1.2ms)
Completed 200 OK in 251ms (Views: 247.8ms | ActiveRecord: 0.0ms)


Started GET "/" for ::1 at 2019-05-08 09:28:43 -0400
Processing by KeyboardDemosController#demo1 as HTML
  Rendering keyboard_demos/demo1.html.erb within layouts/application
  Rendered keyboard_demos/demo1.html.erb within layouts/application (1.0ms)
Completed 200 OK in 267ms (Views: 261.8ms | ActiveRecord: 0.0ms)


Started GET "/" for ::1 at 2019-05-08 09:30:21 -0400
Processing by KeyboardDemosController#demo1 as HTML
  Rendering keyboard_demos/demo1.html.erb within layouts/application
  Rendered keyboard_demos/demo1.html.erb within layouts/application (0.4ms)
Completed 200 OK in 153ms (Views: 151.8ms | ActiveRecord: 0.0ms)


Started GET "/" for ::1 at 2019-05-08 09:30:34 -0400
Processing by KeyboardDemosController#demo1 as HTML
  Rendering keyboard_demos/demo1.html.erb within layouts/application
  Rendered keyboard_demos/demo1.html.erb within layouts/application (1.2ms)
Completed 200 OK in 185ms (Views: 178.1ms | ActiveRecord: 0.0ms)


Started GET "/" for ::1 at 2019-05-08 09:33:06 -0400
Processing by KeyboardDemosController#demo1 as HTML
  Rendering keyboard_demos/demo1.html.erb within layouts/application
  Rendered keyboard_demos/demo1.html.erb within layouts/application (0.7ms)
Completed 200 OK in 167ms (Views: 164.7ms | ActiveRecord: 0.0ms)


Started GET "/" for ::1 at 2019-05-08 09:48:39 -0400
Processing by KeyboardDemosController#demo1 as HTML
  Rendering keyboard_demos/demo1.html.erb within layouts/application
  Rendered keyboard_demos/demo1.html.erb within layouts/application (0.8ms)
Completed 200 OK in 152ms (Views: 151.1ms | ActiveRecord: 0.0ms)


Started GET "/" for ::1 at 2019-05-08 09:48:50 -0400
Processing by KeyboardDemosController#demo1 as HTML
  Rendering keyboard_demos/demo1.html.erb within layouts/application
  Rendered keyboard_demos/demo1.html.erb within layouts/application (1.4ms)
Completed 200 OK in 97ms (Views: 93.8ms | ActiveRecord: 0.0ms)


Started GET "/" for ::1 at 2019-05-08 09:48:53 -0400
Processing by KeyboardDemosController#demo1 as HTML
  Rendering keyboard_demos/demo1.html.erb within layouts/application
  Rendered keyboard_demos/demo1.html.erb within layouts/application (0.6ms)
Completed 200 OK in 42ms (Views: 40.1ms | ActiveRecord: 0.0ms)


Started GET "/" for ::1 at 2019-05-08 09:50:56 -0400
Processing by KeyboardDemosController#demo1 as HTML
  Rendering keyboard_demos/demo1.html.erb within layouts/application
  Rendered keyboard_demos/demo1.html.erb within layouts/application (0.5ms)
Completed 200 OK in 36ms (Views: 34.8ms | ActiveRecord: 0.0ms)


Started GET "/" for ::1 at 2019-05-08 09:55:51 -0400
Processing by KeyboardDemosController#demo1 as HTML
  Rendering keyboard_demos/demo1.html.erb within layouts/application
  Rendered keyboard_demos/demo1.html.erb within layouts/application (0.5ms)
Completed 200 OK in 43ms (Views: 40.7ms | ActiveRecord: 0.0ms)


Started GET "/" for ::1 at 2019-05-08 09:56:04 -0400
Processing by KeyboardDemosController#demo1 as HTML
  Rendering keyboard_demos/demo1.html.erb within layouts/application
  Rendered keyboard_demos/demo1.html.erb within layouts/application (0.7ms)
Completed 200 OK in 79ms (Views: 74.4ms | ActiveRecord: 0.0ms)


Started GET "/" for ::1 at 2019-05-08 09:57:00 -0400
Processing by KeyboardDemosController#demo1 as HTML
  Rendering keyboard_demos/demo1.html.erb within layouts/application
  Rendered keyboard_demos/demo1.html.erb within layouts/application (0.3ms)
Completed 200 OK in 37ms (Views: 36.1ms | ActiveRecord: 0.0ms)


Started GET "/" for ::1 at 2019-05-08 09:57:34 -0400
Processing by KeyboardDemosController#demo1 as HTML
  Rendering keyboard_demos/demo1.html.erb within layouts/application
  Rendered keyboard_demos/demo1.html.erb within layouts/application (1.1ms)
Completed 200 OK in 181ms (Views: 177.0ms | ActiveRecord: 0.0ms)


Started GET "/" for ::1 at 2019-05-08 09:58:43 -0400
Processing by KeyboardDemosController#demo1 as HTML
  Rendering keyboard_demos/demo1.html.erb within layouts/application
  Rendered keyboard_demos/demo1.html.erb within layouts/application (1.1ms)
Completed 200 OK in 66ms (Views: 62.7ms | ActiveRecord: 0.0ms)


Started GET "/" for ::1 at 2019-05-08 09:59:20 -0400
Processing by KeyboardDemosController#demo1 as HTML
  Rendering keyboard_demos/demo1.html.erb within layouts/application
  Rendered keyboard_demos/demo1.html.erb within layouts/application (0.9ms)
Completed 200 OK in 72ms (Views: 68.8ms | ActiveRecord: 0.0ms)


Started GET "/" for ::1 at 2019-05-08 10:00:46 -0400
Processing by KeyboardDemosController#demo1 as HTML
  Rendering keyboard_demos/demo1.html.erb within layouts/application
  Rendered keyboard_demos/demo1.html.erb within layouts/application (0.9ms)
Completed 200 OK in 239ms (Views: 234.6ms | ActiveRecord: 0.0ms)


Started GET "/" for ::1 at 2019-05-08 10:01:03 -0400
Processing by KeyboardDemosController#demo1 as HTML
  Rendering keyboard_demos/demo1.html.erb within layouts/application
  Rendered keyboard_demos/demo1.html.erb within layouts/application (1.1ms)
Completed 200 OK in 84ms (Views: 81.2ms | ActiveRecord: 0.0ms)


Started GET "/" for ::1 at 2019-05-08 10:02:06 -0400
Processing by KeyboardDemosController#demo1 as HTML
  Rendering keyboard_demos/demo1.html.erb within layouts/application
  Rendered keyboard_demos/demo1.html.erb within layouts/application (0.9ms)
Completed 200 OK in 159ms (Views: 156.1ms | ActiveRecord: 0.0ms)


Started GET "/" for ::1 at 2019-05-08 10:06:26 -0400
Processing by KeyboardDemosController#demo1 as HTML
  Rendering keyboard_demos/demo1.html.erb within layouts/application
  Rendered keyboard_demos/demo1.html.erb within layouts/application (0.8ms)
Completed 200 OK in 223ms (Views: 220.0ms | ActiveRecord: 0.0ms)


Started GET "/" for ::1 at 2019-05-08 10:06:39 -0400
Processing by KeyboardDemosController#demo1 as HTML
  Rendering keyboard_demos/demo1.html.erb within layouts/application
  Rendered keyboard_demos/demo1.html.erb within layouts/application (0.6ms)
Completed 200 OK in 55ms (Views: 52.8ms | ActiveRecord: 0.0ms)


Started GET "/" for ::1 at 2019-05-08 10:09:16 -0400
Processing by KeyboardDemosController#demo1 as HTML
  Rendering keyboard_demos/demo1.html.erb within layouts/application
  Rendered keyboard_demos/demo1.html.erb within layouts/application (1.0ms)
Completed 200 OK in 185ms (Views: 178.2ms | ActiveRecord: 0.0ms)


Started GET "/" for ::1 at 2019-05-08 10:12:18 -0400
Processing by KeyboardDemosController#demo1 as HTML
  Rendering keyboard_demos/demo1.html.erb within layouts/application
  Rendered keyboard_demos/demo1.html.erb within layouts/application (1.0ms)
Completed 200 OK in 78ms (Views: 74.4ms | ActiveRecord: 0.0ms)


Started GET "/" for ::1 at 2019-05-08 10:12:54 -0400
Processing by KeyboardDemosController#demo1 as HTML
  Rendering keyboard_demos/demo1.html.erb within layouts/application
  Rendered keyboard_demos/demo1.html.erb within layouts/application (0.8ms)
Completed 200 OK in 190ms (Views: 188.2ms | ActiveRecord: 0.0ms)


Started GET "/" for ::1 at 2019-05-08 10:16:00 -0400
Processing by KeyboardDemosController#demo1 as HTML
  Rendering keyboard_demos/demo1.html.erb within layouts/application
  Rendered keyboard_demos/demo1.html.erb within layouts/application (0.4ms)
Completed 200 OK in 33ms (Views: 31.4ms | ActiveRecord: 0.0ms)


Started GET "/" for ::1 at 2019-05-08 10:16:39 -0400
Processing by KeyboardDemosController#demo1 as HTML
  Rendering keyboard_demos/demo1.html.erb within layouts/application
  Rendered keyboard_demos/demo1.html.erb within layouts/application (0.7ms)
Completed 200 OK in 69ms (Views: 65.3ms | ActiveRecord: 0.0ms)


Started GET "/" for ::1 at 2019-05-08 10:17:40 -0400
Processing by KeyboardDemosController#demo1 as HTML
  Rendering keyboard_demos/demo1.html.erb within layouts/application
  Rendered keyboard_demos/demo1.html.erb within layouts/application (1.2ms)
Completed 200 OK in 77ms (Views: 73.3ms | ActiveRecord: 0.0ms)


Started GET "/" for ::1 at 2019-05-08 10:18:32 -0400
Processing by KeyboardDemosController#demo1 as HTML
  Rendering keyboard_demos/demo1.html.erb within layouts/application
  Rendered keyboard_demos/demo1.html.erb within layouts/application (1.0ms)
Completed 200 OK in 79ms (Views: 73.8ms | ActiveRecord: 0.0ms)


Started GET "/" for ::1 at 2019-05-08 10:19:44 -0400
Processing by KeyboardDemosController#demo1 as HTML
  Rendering keyboard_demos/demo1.html.erb within layouts/application
  Rendered keyboard_demos/demo1.html.erb within layouts/application (1.6ms)
Completed 200 OK in 216ms (Views: 212.4ms | ActiveRecord: 0.0ms)


Started GET "/" for ::1 at 2019-05-08 10:21:17 -0400
Processing by KeyboardDemosController#demo1 as HTML
  Rendering keyboard_demos/demo1.html.erb within layouts/application
  Rendered keyboard_demos/demo1.html.erb within layouts/application (0.6ms)
Completed 200 OK in 178ms (Views: 175.8ms | ActiveRecord: 0.0ms)


Started GET "/" for ::1 at 2019-05-08 10:22:17 -0400
Processing by KeyboardDemosController#demo1 as HTML
  Rendering keyboard_demos/demo1.html.erb within layouts/application
  Rendered keyboard_demos/demo1.html.erb within layouts/application (1.0ms)
Completed 200 OK in 239ms (Views: 235.0ms | ActiveRecord: 0.0ms)


Started GET "/" for ::1 at 2019-05-08 10:24:13 -0400
Processing by KeyboardDemosController#demo1 as HTML
  Rendering keyboard_demos/demo1.html.erb within layouts/application
  Rendered keyboard_demos/demo1.html.erb within layouts/application (0.8ms)
Completed 200 OK in 233ms (Views: 231.0ms | ActiveRecord: 0.0ms)


Started GET "/" for ::1 at 2019-05-08 10:24:31 -0400
Processing by KeyboardDemosController#demo1 as HTML
  Rendering keyboard_demos/demo1.html.erb within layouts/application
  Rendered keyboard_demos/demo1.html.erb within layouts/application (0.3ms)
Completed 200 OK in 172ms (Views: 170.8ms | ActiveRecord: 0.0ms)


Started GET "/" for ::1 at 2019-05-08 10:27:16 -0400
Processing by KeyboardDemosController#demo1 as HTML
  Rendering keyboard_demos/demo1.html.erb within layouts/application
  Rendered keyboard_demos/demo1.html.erb within layouts/application (1.6ms)
Completed 200 OK in 232ms (Views: 226.3ms | ActiveRecord: 0.0ms)


Started GET "/" for ::1 at 2019-05-08 10:27:40 -0400
Processing by KeyboardDemosController#demo1 as HTML
  Rendering keyboard_demos/demo1.html.erb within layouts/application
  Rendered keyboard_demos/demo1.html.erb within layouts/application (4.6ms)
Completed 200 OK in 204ms (Views: 199.7ms | ActiveRecord: 0.0ms)


Started GET "/" for ::1 at 2019-05-08 10:30:37 -0400
Processing by KeyboardDemosController#demo1 as HTML
  Rendering keyboard_demos/demo1.html.erb within layouts/application
  Rendered keyboard_demos/demo1.html.erb within layouts/application (0.6ms)
Completed 200 OK in 159ms (Views: 156.1ms | ActiveRecord: 0.0ms)


Started GET "/" for ::1 at 2019-05-08 10:33:09 -0400
Processing by KeyboardDemosController#demo1 as HTML
  Rendering keyboard_demos/demo1.html.erb within layouts/application
  Rendered keyboard_demos/demo1.html.erb within layouts/application (1.0ms)
Completed 200 OK in 231ms (Views: 227.3ms | ActiveRecord: 0.0ms)


Started GET "/" for ::1 at 2019-05-08 10:34:23 -0400
Processing by KeyboardDemosController#demo1 as HTML
  Rendering keyboard_demos/demo1.html.erb within layouts/application
  Rendered keyboard_demos/demo1.html.erb within layouts/application (0.9ms)
Completed 200 OK in 145ms (Views: 142.9ms | ActiveRecord: 0.0ms)


Started GET "/" for ::1 at 2019-05-08 10:35:19 -0400
Processing by KeyboardDemosController#demo1 as HTML
  Rendering keyboard_demos/demo1.html.erb within layouts/application
  Rendered keyboard_demos/demo1.html.erb within layouts/application (1.4ms)
Completed 200 OK in 239ms (Views: 235.4ms | ActiveRecord: 0.0ms)


Started GET "/" for ::1 at 2019-05-08 10:37:01 -0400
Processing by KeyboardDemosController#demo1 as HTML
  Rendering keyboard_demos/demo1.html.erb within layouts/application
  Rendered keyboard_demos/demo1.html.erb within layouts/application (1.0ms)
Completed 200 OK in 216ms (Views: 212.3ms | ActiveRecord: 0.0ms)


Started GET "/" for ::1 at 2019-05-08 10:37:42 -0400
Processing by KeyboardDemosController#demo1 as HTML
  Rendering keyboard_demos/demo1.html.erb within layouts/application
  Rendered keyboard_demos/demo1.html.erb within layouts/application (0.7ms)
Completed 200 OK in 38ms (Views: 35.9ms | ActiveRecord: 0.0ms)


Started GET "/" for ::1 at 2019-05-08 10:40:36 -0400
Processing by KeyboardDemosController#demo1 as HTML
  Rendering keyboard_demos/demo1.html.erb within layouts/application
  Rendered keyboard_demos/demo1.html.erb within layouts/application (0.7ms)
Completed 200 OK in 172ms (Views: 169.8ms | ActiveRecord: 0.0ms)


Started GET "/" for ::1 at 2019-05-08 10:41:52 -0400
Processing by KeyboardDemosController#demo1 as HTML
  Rendering keyboard_demos/demo1.html.erb within layouts/application
  Rendered keyboard_demos/demo1.html.erb within layouts/application (1.4ms)
Completed 200 OK in 377ms (Views: 371.3ms | ActiveRecord: 0.0ms)


Started GET "/" for ::1 at 2019-05-08 10:42:29 -0400
Processing by KeyboardDemosController#demo1 as HTML
  Rendering keyboard_demos/demo1.html.erb within layouts/application
  Rendered keyboard_demos/demo1.html.erb within layouts/application (1.4ms)
Completed 200 OK in 309ms (Views: 303.0ms | ActiveRecord: 0.0ms)


Started GET "/" for ::1 at 2019-05-08 10:45:53 -0400
Processing by KeyboardDemosController#demo1 as HTML
  Rendering keyboard_demos/demo1.html.erb within layouts/application
  Rendered keyboard_demos/demo1.html.erb within layouts/application (1.4ms)
Completed 200 OK in 216ms (Views: 206.8ms | ActiveRecord: 0.0ms)


Started GET "/" for ::1 at 2019-05-08 11:00:31 -0400
Processing by KeyboardDemosController#demo1 as HTML
  Rendering keyboard_demos/demo1.html.erb within layouts/application
  Rendered keyboard_demos/demo1.html.erb within layouts/application (1.1ms)
Completed 200 OK in 307ms (Views: 303.5ms | ActiveRecord: 0.0ms)


Started GET "/" for ::1 at 2019-05-08 11:03:07 -0400
Processing by KeyboardDemosController#demo1 as HTML
  Rendering keyboard_demos/demo1.html.erb within layouts/application
  Rendered keyboard_demos/demo1.html.erb within layouts/application (1.7ms)
Completed 200 OK in 207ms (Views: 202.5ms | ActiveRecord: 0.0ms)


Started GET "/" for ::1 at 2019-05-08 11:03:59 -0400
Processing by KeyboardDemosController#demo1 as HTML
  Rendering keyboard_demos/demo1.html.erb within layouts/application
  Rendered keyboard_demos/demo1.html.erb within layouts/application (1.4ms)
Completed 200 OK in 246ms (Views: 242.7ms | ActiveRecord: 0.0ms)


Started GET "/" for ::1 at 2019-05-08 11:04:59 -0400
Processing by KeyboardDemosController#demo1 as HTML
  Rendering keyboard_demos/demo1.html.erb within layouts/application
  Rendered keyboard_demos/demo1.html.erb within layouts/application (0.9ms)
Completed 200 OK in 174ms (Views: 169.0ms | ActiveRecord: 0.0ms)


Started GET "/" for ::1 at 2019-05-08 11:05:10 -0400
Processing by KeyboardDemosController#demo1 as HTML
  Rendering keyboard_demos/demo1.html.erb within layouts/application
  Rendered keyboard_demos/demo1.html.erb within layouts/application (0.9ms)
Completed 200 OK in 52ms (Views: 49.2ms | ActiveRecord: 0.0ms)


Started GET "/" for ::1 at 2019-05-08 11:05:16 -0400
Processing by KeyboardDemosController#demo1 as HTML
  Rendering keyboard_demos/demo1.html.erb within layouts/application
  Rendered keyboard_demos/demo1.html.erb within layouts/application (8.0ms)
Completed 200 OK in 70ms (Views: 66.1ms | ActiveRecord: 0.0ms)


Started GET "/" for ::1 at 2019-05-08 11:06:20 -0400
Processing by KeyboardDemosController#demo1 as HTML
  Rendering keyboard_demos/demo1.html.erb within layouts/application
  Rendered keyboard_demos/demo1.html.erb within layouts/application (1.3ms)
Completed 200 OK in 75ms (Views: 71.2ms | ActiveRecord: 0.0ms)


Started GET "/" for ::1 at 2019-05-08 11:06:24 -0400
Processing by KeyboardDemosController#demo1 as HTML
  Rendering keyboard_demos/demo1.html.erb within layouts/application
  Rendered keyboard_demos/demo1.html.erb within layouts/application (1.4ms)
Completed 200 OK in 69ms (Views: 65.2ms | ActiveRecord: 0.0ms)


Started GET "/" for ::1 at 2019-05-08 11:13:44 -0400
Processing by KeyboardDemosController#demo1 as HTML
  Rendering keyboard_demos/demo1.html.erb within layouts/application
  Rendered keyboard_demos/demo1.html.erb within layouts/application (1.8ms)
Completed 200 OK in 93ms (Views: 88.4ms | ActiveRecord: 0.0ms)


Started GET "/" for ::1 at 2019-05-08 11:14:24 -0400
Processing by KeyboardDemosController#demo1 as HTML
  Rendering keyboard_demos/demo1.html.erb within layouts/application
  Rendered keyboard_demos/demo1.html.erb within layouts/application (1.0ms)
Completed 200 OK in 134ms (Views: 130.0ms | ActiveRecord: 0.0ms)


Started GET "/" for ::1 at 2019-05-08 11:14:45 -0400
Processing by KeyboardDemosController#demo1 as HTML
  Rendering keyboard_demos/demo1.html.erb within layouts/application
  Rendered keyboard_demos/demo1.html.erb within layouts/application (1.0ms)
Completed 200 OK in 79ms (Views: 74.9ms | ActiveRecord: 0.0ms)


Started GET "/" for ::1 at 2019-05-08 11:15:18 -0400
Processing by KeyboardDemosController#demo1 as HTML
  Rendering keyboard_demos/demo1.html.erb within layouts/application
  Rendered keyboard_demos/demo1.html.erb within layouts/application (0.5ms)
Completed 200 OK in 69ms (Views: 67.5ms | ActiveRecord: 0.0ms)


Started GET "/" for ::1 at 2019-05-08 11:16:09 -0400
Processing by KeyboardDemosController#demo1 as HTML
  Rendering keyboard_demos/demo1.html.erb within layouts/application
  Rendered keyboard_demos/demo1.html.erb within layouts/application (1.1ms)
Completed 200 OK in 105ms (Views: 101.6ms | ActiveRecord: 0.0ms)


Started GET "/" for ::1 at 2019-05-08 11:16:39 -0400
Processing by KeyboardDemosController#demo1 as HTML
  Rendering keyboard_demos/demo1.html.erb within layouts/application
  Rendered keyboard_demos/demo1.html.erb within layouts/application (0.4ms)
Completed 200 OK in 40ms (Views: 28.4ms | ActiveRecord: 0.0ms)


Started GET "/" for ::1 at 2019-05-08 11:16:46 -0400
Processing by KeyboardDemosController#demo1 as HTML
  Rendering keyboard_demos/demo1.html.erb within layouts/application
  Rendered keyboard_demos/demo1.html.erb within layouts/application (0.5ms)
Completed 200 OK in 36ms (Views: 34.0ms | ActiveRecord: 0.0ms)


Started GET "/" for ::1 at 2019-05-08 11:18:56 -0400
Processing by KeyboardDemosController#demo1 as HTML
  Rendering keyboard_demos/demo1.html.erb within layouts/application
  Rendered keyboard_demos/demo1.html.erb within layouts/application (0.5ms)
Completed 200 OK in 28ms (Views: 26.3ms | ActiveRecord: 0.0ms)


Started GET "/" for ::1 at 2019-05-08 11:19:14 -0400
Processing by KeyboardDemosController#demo1 as HTML
  Rendering keyboard_demos/demo1.html.erb within layouts/application
  Rendered keyboard_demos/demo1.html.erb within layouts/application (0.4ms)
Completed 200 OK in 39ms (Views: 34.9ms | ActiveRecord: 0.0ms)


Started GET "/" for ::1 at 2019-05-08 11:24:15 -0400
Processing by KeyboardDemosController#demo1 as HTML
  Rendering keyboard_demos/demo1.html.erb within layouts/application
  Rendered keyboard_demos/demo1.html.erb within layouts/application (1.0ms)
Completed 200 OK in 69ms (Views: 65.9ms | ActiveRecord: 0.0ms)


Started GET "/" for ::1 at 2019-05-08 11:26:56 -0400
Processing by KeyboardDemosController#demo1 as HTML
  Rendering keyboard_demos/demo1.html.erb within layouts/application
  Rendered keyboard_demos/demo1.html.erb within layouts/application (1.1ms)
Completed 200 OK in 66ms (Views: 62.5ms | ActiveRecord: 0.0ms)


Started GET "/" for ::1 at 2019-05-08 11:28:14 -0400
Processing by KeyboardDemosController#demo1 as HTML
  Rendering keyboard_demos/demo1.html.erb within layouts/application
  Rendered keyboard_demos/demo1.html.erb within layouts/application (0.9ms)
Completed 200 OK in 60ms (Views: 56.6ms | ActiveRecord: 0.0ms)


Started GET "/" for ::1 at 2019-05-08 11:32:12 -0400
Processing by KeyboardDemosController#demo1 as HTML
  Rendering keyboard_demos/demo1.html.erb within layouts/application
  Rendered keyboard_demos/demo1.html.erb within layouts/application (1.1ms)
Completed 200 OK in 57ms (Views: 54.0ms | ActiveRecord: 0.0ms)


Started GET "/" for ::1 at 2019-05-08 11:32:14 -0400
Processing by KeyboardDemosController#demo1 as HTML
  Rendering keyboard_demos/demo1.html.erb within layouts/application
  Rendered keyboard_demos/demo1.html.erb within layouts/application (0.3ms)
Completed 200 OK in 28ms (Views: 26.1ms | ActiveRecord: 0.0ms)


Started GET "/" for ::1 at 2019-05-08 11:33:46 -0400
Processing by KeyboardDemosController#demo1 as HTML
  Rendering keyboard_demos/demo1.html.erb within layouts/application
  Rendered keyboard_demos/demo1.html.erb within layouts/application (0.4ms)
Completed 200 OK in 32ms (Views: 30.8ms | ActiveRecord: 0.0ms)


Started GET "/" for ::1 at 2019-05-08 11:37:24 -0400
Processing by KeyboardDemosController#demo1 as HTML
  Rendering keyboard_demos/demo1.html.erb within layouts/application
  Rendered keyboard_demos/demo1.html.erb within layouts/application (3.2ms)
Completed 200 OK in 60ms (Views: 58.6ms | ActiveRecord: 0.0ms)


Started GET "/" for ::1 at 2019-05-08 11:38:43 -0400
Processing by KeyboardDemosController#demo1 as HTML
  Rendering keyboard_demos/demo1.html.erb within layouts/application
  Rendered keyboard_demos/demo1.html.erb within layouts/application (1.2ms)
Completed 200 OK in 54ms (Views: 51.6ms | ActiveRecord: 0.0ms)


Started GET "/" for ::1 at 2019-05-08 11:39:31 -0400
Processing by KeyboardDemosController#demo1 as HTML
  Rendering keyboard_demos/demo1.html.erb within layouts/application
  Rendered keyboard_demos/demo1.html.erb within layouts/application (0.4ms)
Completed 200 OK in 38ms (Views: 37.0ms | ActiveRecord: 0.0ms)


Started GET "/" for ::1 at 2019-05-08 11:45:56 -0400
Processing by KeyboardDemosController#demo1 as HTML
  Rendering keyboard_demos/demo1.html.erb within layouts/application
  Rendered keyboard_demos/demo1.html.erb within layouts/application (0.7ms)
Completed 200 OK in 39ms (Views: 37.5ms | ActiveRecord: 0.0ms)


Started GET "/" for ::1 at 2019-05-08 11:46:21 -0400
Processing by KeyboardDemosController#demo1 as HTML
  Rendering keyboard_demos/demo1.html.erb within layouts/application
  Rendered keyboard_demos/demo1.html.erb within layouts/application (0.3ms)
Completed 200 OK in 43ms (Views: 41.5ms | ActiveRecord: 0.0ms)


Started GET "/" for ::1 at 2019-05-08 11:49:20 -0400
Processing by KeyboardDemosController#demo1 as HTML
  Rendering keyboard_demos/demo1.html.erb within layouts/application
  Rendered keyboard_demos/demo1.html.erb within layouts/application (0.5ms)
Completed 200 OK in 149ms (Views: 147.7ms | ActiveRecord: 0.0ms)


Started GET "/" for ::1 at 2019-05-08 11:51:55 -0400
Processing by KeyboardDemosController#demo1 as HTML
  Rendering keyboard_demos/demo1.html.erb within layouts/application
  Rendered keyboard_demos/demo1.html.erb within layouts/application (0.6ms)
Completed 200 OK in 154ms (Views: 151.9ms | ActiveRecord: 0.0ms)


Started GET "/" for ::1 at 2019-05-08 11:54:14 -0400
Processing by KeyboardDemosController#demo1 as HTML
  Rendering keyboard_demos/demo1.html.erb within layouts/application
  Rendered keyboard_demos/demo1.html.erb within layouts/application (0.5ms)
Completed 200 OK in 139ms (Views: 138.1ms | ActiveRecord: 0.0ms)


Started GET "/" for ::1 at 2019-05-08 11:54:48 -0400
Processing by KeyboardDemosController#demo1 as HTML
  Rendering keyboard_demos/demo1.html.erb within layouts/application
  Rendered keyboard_demos/demo1.html.erb within layouts/application (1.1ms)
Completed 200 OK in 36ms (Views: 33.1ms | ActiveRecord: 0.0ms)


Started GET "/" for ::1 at 2019-05-08 11:55:22 -0400
Processing by KeyboardDemosController#demo1 as HTML
  Rendering keyboard_demos/demo1.html.erb within layouts/application
  Rendered keyboard_demos/demo1.html.erb within layouts/application (0.7ms)
Completed 200 OK in 160ms (Views: 155.6ms | ActiveRecord: 0.0ms)


Started GET "/" for ::1 at 2019-05-08 11:57:07 -0400
Processing by KeyboardDemosController#demo1 as HTML
  Rendering keyboard_demos/demo1.html.erb within layouts/application
  Rendered keyboard_demos/demo1.html.erb within layouts/application (0.8ms)
Completed 200 OK in 150ms (Views: 146.6ms | ActiveRecord: 0.0ms)


Started GET "/" for ::1 at 2019-05-08 11:57:26 -0400
Processing by KeyboardDemosController#demo1 as HTML
  Rendering keyboard_demos/demo1.html.erb within layouts/application
  Rendered keyboard_demos/demo1.html.erb within layouts/application (0.4ms)
Completed 200 OK in 181ms (Views: 179.6ms | ActiveRecord: 0.0ms)


Started GET "/" for ::1 at 2019-05-09 10:15:12 -0400
Processing by KeyboardDemosController#demo1 as HTML
  Rendering keyboard_demos/demo1.html.erb within layouts/application
  Rendered keyboard_demos/demo1.html.erb within layouts/application (2.0ms)
Completed 200 OK in 499ms (Views: 482.1ms | ActiveRecord: 0.0ms)


Started GET "/" for ::1 at 2019-05-09 14:25:10 -0400
Processing by KeyboardDemosController#demo1 as HTML
  Rendering keyboard_demos/demo1.html.erb within layouts/application
  Rendered keyboard_demos/demo1.html.erb within layouts/application (1.6ms)
Completed 200 OK in 297ms (Views: 287.3ms | ActiveRecord: 0.0ms)


Started GET "/demo2" for ::1 at 2019-05-09 14:36:56 -0400
Processing by KeyboardDemosController#demo2 as HTML
  Rendering keyboard_demos/demo2.html.erb within layouts/application
  Rendered keyboard_demos/demo2.html.erb within layouts/application (0.5ms)
Completed 200 OK in 37ms (Views: 35.5ms | ActiveRecord: 0.0ms)


Started GET "/demo2" for ::1 at 2019-05-09 14:37:48 -0400
Processing by KeyboardDemosController#demo2 as HTML
  Rendering keyboard_demos/demo2.html.erb within layouts/application
  Rendered keyboard_demos/demo2.html.erb within layouts/application (0.4ms)
Completed 200 OK in 144ms (Views: 142.8ms | ActiveRecord: 0.0ms)


Started GET "/demo2" for ::1 at 2019-05-09 14:38:10 -0400
Processing by KeyboardDemosController#demo2 as HTML
  Rendering keyboard_demos/demo2.html.erb within layouts/application
  Rendered keyboard_demos/demo2.html.erb within layouts/application (0.6ms)
Completed 200 OK in 188ms (Views: 186.1ms | ActiveRecord: 0.0ms)


Started GET "/demo2" for ::1 at 2019-05-09 14:47:46 -0400
Processing by KeyboardDemosController#demo2 as HTML
  Rendering keyboard_demos/demo2.html.erb within layouts/application
  Rendered keyboard_demos/demo2.html.erb within layouts/application (0.3ms)
Completed 200 OK in 178ms (Views: 175.3ms | ActiveRecord: 0.0ms)


Started GET "/demo2" for ::1 at 2019-05-09 14:51:43 -0400
Processing by KeyboardDemosController#demo2 as HTML
  Rendering keyboard_demos/demo2.html.erb within layouts/application
  Rendered keyboard_demos/demo2.html.erb within layouts/application (0.4ms)
Completed 200 OK in 47ms (Views: 43.4ms | ActiveRecord: 0.0ms)


Started GET "/demo2" for ::1 at 2019-05-09 19:48:23 -0400
Processing by KeyboardDemosController#demo2 as HTML
  Rendering keyboard_demos/demo2.html.erb within layouts/application
  Rendered keyboard_demos/demo2.html.erb within layouts/application (0.5ms)
Completed 200 OK in 41ms (Views: 38.4ms | ActiveRecord: 0.0ms)


Started GET "/" for ::1 at 2019-05-09 19:48:37 -0400
Processing by KeyboardDemosController#demo1 as HTML
  Rendering keyboard_demos/demo1.html.erb within layouts/application
  Rendered keyboard_demos/demo1.html.erb within layouts/application (0.4ms)
Completed 200 OK in 34ms (Views: 32.5ms | ActiveRecord: 0.0ms)


Started GET "/" for ::1 at 2019-05-09 19:48:38 -0400
Processing by KeyboardDemosController#demo1 as HTML
  Rendering keyboard_demos/demo1.html.erb within layouts/application
  Rendered keyboard_demos/demo1.html.erb within layouts/application (0.4ms)
Completed 200 OK in 53ms (Views: 52.1ms | ActiveRecord: 0.0ms)


